<?xml version="1.0" encoding="UTF-8"?>
<!-- Generated by org.testng.reporters.JUnitReportReporter -->
<testsuite hostname="DESKTOP-DVEOUHU" name="PageTeastCases.TestCase" tests="1" failures="0" timestamp="12 Jun 2019 11:07:29 GMT" time="8.956" errors="0">
  <testcase name="TestProcedure" time="8.956" classname="PageTeastCases.TestCase"/>
</testsuite> <!-- PageTeastCases.TestCase -->
