<?xml version="1.0" encoding="UTF-8"?>
<!-- Generated by org.testng.reporters.JUnitReportReporter -->
<testsuite hostname="DESKTOP-DVEOUHU" name="PageTeastCases.TestCase" tests="1" failures="0" timestamp="12 Jun 2019 06:31:01 GMT" time="9.238" errors="0">
  <testcase name="TestProcedure" time="9.238" classname="PageTeastCases.TestCase"/>
</testsuite> <!-- PageTeastCases.TestCase -->
