<?xml version="1.0" encoding="UTF-8"?>
<!-- Generated by org.testng.reporters.JUnitReportReporter -->
<testsuite hostname="DESKTOP-DVEOUHU" name="PageTeastCases.TestCase" tests="1" failures="0" timestamp="1 Jul 2019 12:35:22 GMT" time="15.347" errors="0">
  <testcase name="TestProcedure" time="15.347" classname="PageTeastCases.TestCase"/>
</testsuite> <!-- PageTeastCases.TestCase -->
