<?xml version="1.0" encoding="UTF-8"?>
<!-- Generated by org.testng.reporters.JUnitReportReporter -->
<testsuite skipped="0" hostname="DESKTOP-DVEOUHU" name="PageTeastCases.TestCase" tests="1" failures="0" timestamp="12 Jun 2019 06:47:04 GMT" time="10.373" errors="0">
  <testcase name="TestProcedure" time="10.373" classname="PageTeastCases.TestCase"/>
</testsuite> <!-- PageTeastCases.TestCase -->
